# JRE version: Java(TM) SE Runtime Environment (8.0_144-b01) (build 1.8.0_144-b01)
# Java VM: Java HotSpot(TM) 64-Bit Server VM (25.144-b01 mixed mode windows-amd64 compressed oops)
Heap:
 PSYoungGen      total 272896K, used 256780K [0x00000006e3180000, 0x00000006f5380000, 0x00000007c0000000)
  eden space 248832K, 98% used [0x00000006e3180000,0x00000006f2084c40,0x00000006f2480000)
  from space 24064K, 49% used [0x00000006f2480000,0x00000006f303e660,0x00000006f3c00000)
  to   space 20992K, 0% used [0x00000006f3f00000,0x00000006f3f00000,0x00000006f5380000)
 ParOldGen       total 258560K, used 40840K [0x0000000529400000, 0x0000000539080000, 0x00000006e3180000)
  object space 258560K, 15% used [0x0000000529400000,0x000000052bbe2308,0x0000000539080000)
 Metaspace       used 59461K, capacity 62074K, committed 62336K, reserved 1103872K
  class space    used 8133K, capacity 8779K, committed 8832K, reserved 1048576K
GC Heap History (10 events):
Event: 118.879 GC heap before
{Heap before GC invocations=10 (full 2):
 PSYoungGen      total 157184K, used 43636K [0x00000006e3180000, 0x00000006f2e80000, 0x00000007c0000000)
  eden space 140288K, 19% used [0x00000006e3180000,0x00000006e4b9fe88,0x00000006eba80000)
  from space 16896K, 99% used [0x00000006eba80000,0x00000006ecafd1e8,0x00000006ecb00000)
  to   space 23040K, 0% used [0x00000006f1800000,0x00000006f1800000,0x00000006f2e80000)
 ParOldGen       total 174080K, used 33287K [0x0000000529400000, 0x0000000533e00000, 0x00000006e3180000)
  object space 174080K, 19% used [0x0000000529400000,0x000000052b481f58,0x0000000533e00000)
 Metaspace       used 56854K, capacity 58912K, committed 59008K, reserved 1099776K
  class space    used 7781K, capacity 8294K, committed 8320K, reserved 1048576K
Event: 118.889 GC heap after
Heap after GC invocations=10 (full 2):
 PSYoungGen      total 234496K, used 20016K [0x00000006e3180000, 0x00000006f4480000, 0x00000007c0000000)
  eden space 211456K, 0% used [0x00000006e3180000,0x00000006e3180000,0x00000006f0000000)
  from space 23040K, 86% used [0x00000006f1800000,0x00000006f2b8c3f8,0x00000006f2e80000)
  to   space 24576K, 0% used [0x00000006f0000000,0x00000006f0000000,0x00000006f1800000)
 ParOldGen       total 174080K, used 33295K [0x0000000529400000, 0x0000000533e00000, 0x00000006e3180000)
  object space 174080K, 19% used [0x0000000529400000,0x000000052b483f58,0x0000000533e00000)
 Metaspace       used 56854K, capacity 58912K, committed 59008K, reserved 1099776K
  class space    used 7781K, capacity 8294K, committed 8320K, reserved 1048576K
}
Event: 118.890 GC heap before
{Heap before GC invocations=11 (full 3):
 PSYoungGen      total 234496K, used 20016K [0x00000006e3180000, 0x00000006f4480000, 0x00000007c0000000)
  eden space 211456K, 0% used [0x00000006e3180000,0x00000006e3180000,0x00000006f0000000)
  from space 23040K, 86% used [0x00000006f1800000,0x00000006f2b8c3f8,0x00000006f2e80000)
  to   space 24576K, 0% used [0x00000006f0000000,0x00000006f0000000,0x00000006f1800000)
 ParOldGen       total 174080K, used 33295K [0x0000000529400000, 0x0000000533e00000, 0x00000006e3180000)
  object space 174080K, 19% used [0x0000000529400000,0x000000052b483f58,0x0000000533e00000)
 Metaspace       used 56854K, capacity 58912K, committed 59008K, reserved 1099776K
  class space    used 7781K, capacity 8294K, committed 8320K, reserved 1048576K
Event: 119.151 GC heap after
Heap after GC invocations=11 (full 3):
 PSYoungGen      total 234496K, used 0K [0x00000006e3180000, 0x00000006f4480000, 0x00000007c0000000)
  eden space 211456K, 0% used [0x00000006e3180000,0x00000006e3180000,0x00000006f0000000)
  from space 23040K, 0% used [0x00000006f1800000,0x00000006f1800000,0x00000006f2e80000)
  to   space 24576K, 0% used [0x00000006f0000000,0x00000006f0000000,0x00000006f1800000)
 ParOldGen       total 258560K, used 40824K [0x0000000529400000, 0x0000000539080000, 0x00000006e3180000)
  object space 258560K, 15% used [0x0000000529400000,0x000000052bbde308,0x0000000539080000)
 Metaspace       used 56851K, capacity 58906K, committed 59008K, reserved 1099776K
  class space    used 7779K, capacity 8292K, committed 8320K, reserved 1048576K
}
Event: 127.782 GC heap before
{Heap before GC invocations=12 (full 3):
 PSYoungGen      total 234496K, used 211456K [0x00000006e3180000, 0x00000006f4480000, 0x00000007c0000000)
  eden space 211456K, 100% used [0x00000006e3180000,0x00000006f0000000,0x00000006f0000000)
  from space 23040K, 0% used [0x00000006f1800000,0x00000006f1800000,0x00000006f2e80000)
  to   space 24576K, 0% used [0x00000006f0000000,0x00000006f0000000,0x00000006f1800000)
 ParOldGen       total 258560K, used 40824K [0x0000000529400000, 0x0000000539080000, 0x00000006e3180000)
  object space 258560K, 15% used [0x0000000529400000,0x000000052bbde308,0x0000000539080000)
 Metaspace       used 59227K, capacity 61794K, committed 62080K, reserved 1101824K
  class space    used 8109K, capacity 8724K, committed 8832K, reserved 1048576K
Event: 127.790 GC heap after
Heap after GC invocations=12 (full 3):
 PSYoungGen      total 236032K, used 10614K [0x00000006e3180000, 0x00000006f5700000, 0x00000007c0000000)
  eden space 211456K, 0% used [0x00000006e3180000,0x00000006e3180000,0x00000006f0000000)
  from space 24576K, 43% used [0x00000006f0000000,0x00000006f0a5d940,0x00000006f1800000)
  to   space 24576K, 0% used [0x00000006f3f00000,0x00000006f3f00000,0x00000006f5700000)
 ParOldGen       total 258560K, used 40832K [0x0000000529400000, 0x0000000539080000, 0x00000006e3180000)
  object space 258560K, 15% used [0x0000000529400000,0x000000052bbe0308,0x0000000539080000)
 Metaspace       used 59227K, capacity 61794K, committed 62080K, reserved 1101824K
  class space    used 8109K, capacity 8724K, committed 8832K, reserved 1048576K
}
Event: 128.947 GC heap before
{Heap before GC invocations=13 (full 3):
 PSYoungGen      total 236032K, used 222070K [0x00000006e3180000, 0x00000006f5700000, 0x00000007c0000000)
  eden space 211456K, 100% used [0x00000006e3180000,0x00000006f0000000,0x00000006f0000000)
  from space 24576K, 43% used [0x00000006f0000000,0x00000006f0a5d940,0x00000006f1800000)
  to   space 24576K, 0% used [0x00000006f3f00000,0x00000006f3f00000,0x00000006f5700000)
 ParOldGen       total 258560K, used 40832K [0x0000000529400000, 0x0000000539080000, 0x00000006e3180000)
  object space 258560K, 15% used [0x0000000529400000,0x000000052bbe0308,0x0000000539080000)
 Metaspace       used 59461K, capacity 62074K, committed 62336K, reserved 1103872K
  class space    used 8133K, capacity 8779K, committed 8832K, reserved 1048576K
Event: 128.954 GC heap after
Heap after GC invocations=13 (full 3):
 PSYoungGen      total 269824K, used 12042K [0x00000006e3180000, 0x00000006f5380000, 0x00000007c0000000)
  eden space 248832K, 0% used [0x00000006e3180000,0x00000006e3180000,0x00000006f2480000)
  from space 20992K, 57% used [0x00000006f3f00000,0x00000006f4ac2af8,0x00000006f5380000)
  to   space 24064K, 0% used [0x00000006f2480000,0x00000006f2480000,0x00000006f3c00000)
 ParOldGen       total 258560K, used 40840K [0x0000000529400000, 0x0000000539080000, 0x00000006e3180000)
  object space 258560K, 15% used [0x0000000529400000,0x000000052bbe2308,0x0000000539080000)
 Metaspace       used 59461K, capacity 62074K, committed 62336K, reserved 1103872K
  class space    used 8133K, capacity 8779K, committed 8832K, reserved 1048576K
}
Event: 129.301 GC heap before
{Heap before GC invocations=14 (full 3):
 PSYoungGen      total 269824K, used 260874K [0x00000006e3180000, 0x00000006f5380000, 0x00000007c0000000)
  eden space 248832K, 100% used [0x00000006e3180000,0x00000006f2480000,0x00000006f2480000)
  from space 20992K, 57% used [0x00000006f3f00000,0x00000006f4ac2af8,0x00000006f5380000)
  to   space 24064K, 0% used [0x00000006f2480000,0x00000006f2480000,0x00000006f3c00000)
 ParOldGen       total 258560K, used 40840K [0x0000000529400000, 0x0000000539080000, 0x00000006e3180000)
  object space 258560K, 15% used [0x0000000529400000,0x000000052bbe2308,0x0000000539080000)
 Metaspace       used 59461K, capacity 62074K, committed 62336K, reserved 1103872K
  class space    used 8133K, capacity 8779K, committed 8832K, reserved 1048576K
Event: 129.308 GC heap after
Heap after GC invocations=14 (full 3):
 PSYoungGen      total 272896K, used 12025K [0x00000006e3180000, 0x00000006f5380000, 0x00000007c0000000)
  eden space 248832K, 0% used [0x00000006e3180000,0x00000006e3180000,0x00000006f2480000)
  from space 24064K, 49% used [0x00000006f2480000,0x00000006f303e660,0x00000006f3c00000)
  to   space 20992K, 0% used [0x00000006f3f00000,0x00000006f3f00000,0x00000006f5380000)
 ParOldGen       total 258560K, used 40840K [0x0000000529400000, 0x0000000539080000, 0x00000006e3180000)
  object space 258560K, 15% used [0x0000000529400000,0x000000052bbe2308,0x0000000539080000)
 Metaspace       used 59461K, capacity 62074K, committed 62336K, reserved 1103872K
  class space    used 8133K, capacity 8779K, committed 8832K, reserved 1048576K
}

