# JRE version: Java(TM) SE Runtime Environment (8.0_144-b01) (build 1.8.0_144-b01)
# Java VM: Java HotSpot(TM) 64-Bit Server VM (25.144-b01 mixed mode windows-amd64 compressed oops)
Heap:
 PSYoungGen      total 1047552K, used 509763K [0x00000006e3180000, 0x0000000735000000, 0x00000007c0000000)
  eden space 838656K, 57% used [0x00000006e3180000,0x0000000700aee990,0x0000000716480000)
  from space 208896K, 11% used [0x0000000716480000,0x0000000717ce2620,0x0000000723080000)
  to   space 202752K, 0% used [0x0000000728a00000,0x0000000728a00000,0x0000000735000000)
 ParOldGen       total 602624K, used 444085K [0x0000000529400000, 0x000000054e080000, 0x00000006e3180000)
  object space 602624K, 73% used [0x0000000529400000,0x00000005445ad7b0,0x000000054e080000)
 Metaspace       used 76321K, capacity 79398K, committed 79616K, reserved 1118208K
  class space    used 9992K, capacity 10692K, committed 10752K, reserved 1048576K
GC Heap History (10 events):
Event: 70.777 GC heap before
{Heap before GC invocations=25 (full 3):
 PSYoungGen      total 751104K, used 749697K [0x00000006e3180000, 0x000000071ca00000, 0x00000007c0000000)
  eden space 698368K, 99% used [0x00000006e3180000,0x000000070da26f90,0x000000070db80000)
  from space 52736K, 99% used [0x000000070db80000,0x0000000710ef9580,0x0000000710f00000)
  to   space 75264K, 0% used [0x0000000718080000,0x0000000718080000,0x000000071ca00000)
 ParOldGen       total 277504K, used 121007K [0x0000000529400000, 0x000000053a300000, 0x00000006e3180000)
  object space 277504K, 43% used [0x0000000529400000,0x0000000530a2bce8,0x000000053a300000)
 Metaspace       used 76070K, capacity 79078K, committed 79360K, reserved 1118208K
  class space    used 9985K, capacity 10698K, committed 10752K, reserved 1048576K
Event: 70.910 GC heap after
Heap after GC invocations=25 (full 3):
 PSYoungGen      total 806400K, used 75260K [0x00000006e3180000, 0x0000000724700000, 0x00000007c0000000)
  eden space 731136K, 0% used [0x00000006e3180000,0x00000006e3180000,0x000000070fb80000)
  from space 75264K, 99% used [0x0000000718080000,0x000000071c9ff270,0x000000071ca00000)
  to   space 136192K, 0% used [0x000000070fb80000,0x000000070fb80000,0x0000000718080000)
 ParOldGen       total 277504K, used 249871K [0x0000000529400000, 0x000000053a300000, 0x00000006e3180000)
  object space 277504K, 90% used [0x0000000529400000,0x0000000538803ea8,0x000000053a300000)
 Metaspace       used 76070K, capacity 79078K, committed 79360K, reserved 1118208K
  class space    used 9985K, capacity 10698K, committed 10752K, reserved 1048576K
}
Event: 70.910 GC heap before
{Heap before GC invocations=26 (full 4):
 PSYoungGen      total 806400K, used 75260K [0x00000006e3180000, 0x0000000724700000, 0x00000007c0000000)
  eden space 731136K, 0% used [0x00000006e3180000,0x00000006e3180000,0x000000070fb80000)
  from space 75264K, 99% used [0x0000000718080000,0x000000071c9ff270,0x000000071ca00000)
  to   space 136192K, 0% used [0x000000070fb80000,0x000000070fb80000,0x0000000718080000)
 ParOldGen       total 277504K, used 249871K [0x0000000529400000, 0x000000053a300000, 0x00000006e3180000)
  object space 277504K, 90% used [0x0000000529400000,0x0000000538803ea8,0x000000053a300000)
 Metaspace       used 76070K, capacity 79078K, committed 79360K, reserved 1118208K
  class space    used 9985K, capacity 10698K, committed 10752K, reserved 1048576K
Event: 71.340 GC heap after
Heap after GC invocations=26 (full 4):
 PSYoungGen      total 806400K, used 0K [0x00000006e3180000, 0x0000000724700000, 0x00000007c0000000)
  eden space 731136K, 0% used [0x00000006e3180000,0x00000006e3180000,0x000000070fb80000)
  from space 75264K, 0% used [0x0000000718080000,0x0000000718080000,0x000000071ca00000)
  to   space 136192K, 0% used [0x000000070fb80000,0x000000070fb80000,0x0000000718080000)
 ParOldGen       total 602624K, used 226149K [0x0000000529400000, 0x000000054e080000, 0x00000006e3180000)
  object space 602624K, 37% used [0x0000000529400000,0x00000005370d94b0,0x000000054e080000)
 Metaspace       used 75584K, capacity 78554K, committed 79360K, reserved 1118208K
  class space    used 9931K, capacity 10626K, committed 10752K, reserved 1048576K
}
Event: 73.647 GC heap before
{Heap before GC invocations=27 (full 4):
 PSYoungGen      total 806400K, used 731136K [0x00000006e3180000, 0x0000000724700000, 0x00000007c0000000)
  eden space 731136K, 100% used [0x00000006e3180000,0x000000070fb80000,0x000000070fb80000)
  from space 75264K, 0% used [0x0000000718080000,0x0000000718080000,0x000000071ca00000)
  to   space 136192K, 0% used [0x000000070fb80000,0x000000070fb80000,0x0000000718080000)
 ParOldGen       total 602624K, used 226149K [0x0000000529400000, 0x000000054e080000, 0x00000006e3180000)
  object space 602624K, 37% used [0x0000000529400000,0x00000005370d94b0,0x000000054e080000)
 Metaspace       used 76161K, capacity 79258K, committed 79360K, reserved 1118208K
  class space    used 9988K, capacity 10690K, committed 10752K, reserved 1048576K
Event: 73.729 GC heap after
Heap after GC invocations=27 (full 4):
 PSYoungGen      total 867328K, used 136180K [0x00000006e3180000, 0x000000072dc80000, 0x00000007c0000000)
  eden space 731136K, 0% used [0x00000006e3180000,0x00000006e3180000,0x000000070fb80000)
  from space 136192K, 99% used [0x000000070fb80000,0x000000071807d078,0x0000000718080000)
  to   space 176128K, 0% used [0x0000000723080000,0x0000000723080000,0x000000072dc80000)
 ParOldGen       total 602624K, used 267009K [0x0000000529400000, 0x000000054e080000, 0x00000006e3180000)
  object space 602624K, 44% used [0x0000000529400000,0x00000005398c04f0,0x000000054e080000)
 Metaspace       used 76161K, capacity 79258K, committed 79360K, reserved 1118208K
  class space    used 9988K, capacity 10690K, committed 10752K, reserved 1048576K
}
Event: 98.281 GC heap before
{Heap before GC invocations=28 (full 4):
 PSYoungGen      total 867328K, used 867316K [0x00000006e3180000, 0x000000072dc80000, 0x00000007c0000000)
  eden space 731136K, 100% used [0x00000006e3180000,0x000000070fb80000,0x000000070fb80000)
  from space 136192K, 99% used [0x000000070fb80000,0x000000071807d078,0x0000000718080000)
  to   space 176128K, 0% used [0x0000000723080000,0x0000000723080000,0x000000072dc80000)
 ParOldGen       total 602624K, used 267009K [0x0000000529400000, 0x000000054e080000, 0x00000006e3180000)
  object space 602624K, 44% used [0x0000000529400000,0x00000005398c04f0,0x000000054e080000)
 Metaspace       used 76267K, capacity 79334K, committed 79616K, reserved 1118208K
  class space    used 9991K, capacity 10692K, committed 10752K, reserved 1048576K
Event: 98.393 GC heap after
Heap after GC invocations=28 (full 4):
 PSYoungGen      total 1014784K, used 176114K [0x00000006e3180000, 0x0000000730f00000, 0x00000007c0000000)
  eden space 838656K, 0% used [0x00000006e3180000,0x00000006e3180000,0x0000000716480000)
  from space 176128K, 99% used [0x0000000723080000,0x000000072dc7cbe0,0x000000072dc80000)
  to   space 208896K, 0% used [0x0000000716480000,0x0000000716480000,0x0000000723080000)
 ParOldGen       total 602624K, used 269489K [0x0000000529400000, 0x000000054e080000, 0x00000006e3180000)
  object space 602624K, 44% used [0x0000000529400000,0x0000000539b2c448,0x000000054e080000)
 Metaspace       used 76267K, capacity 79334K, committed 79616K, reserved 1118208K
  class space    used 9991K, capacity 10692K, committed 10752K, reserved 1048576K
}
Event: 131.122 GC heap before
{Heap before GC invocations=29 (full 4):
 PSYoungGen      total 1014784K, used 1014770K [0x00000006e3180000, 0x0000000730f00000, 0x00000007c0000000)
  eden space 838656K, 100% used [0x00000006e3180000,0x0000000716480000,0x0000000716480000)
  from space 176128K, 99% used [0x0000000723080000,0x000000072dc7cbe0,0x000000072dc80000)
  to   space 208896K, 0% used [0x0000000716480000,0x0000000716480000,0x0000000723080000)
 ParOldGen       total 602624K, used 269489K [0x0000000529400000, 0x000000054e080000, 0x00000006e3180000)
  object space 602624K, 44% used [0x0000000529400000,0x0000000539b2c448,0x000000054e080000)
 Metaspace       used 76318K, capacity 79398K, committed 79616K, reserved 1118208K
  class space    used 9992K, capacity 10692K, committed 10752K, reserved 1048576K
Event: 131.252 GC heap after
Heap after GC invocations=29 (full 4):
 PSYoungGen      total 1047552K, used 24969K [0x00000006e3180000, 0x0000000735000000, 0x00000007c0000000)
  eden space 838656K, 0% used [0x00000006e3180000,0x00000006e3180000,0x0000000716480000)
  from space 208896K, 11% used [0x0000000716480000,0x0000000717ce2620,0x0000000723080000)
  to   space 202752K, 0% used [0x0000000728a00000,0x0000000728a00000,0x0000000735000000)
 ParOldGen       total 602624K, used 444085K [0x0000000529400000, 0x000000054e080000, 0x00000006e3180000)
  object space 602624K, 73% used [0x0000000529400000,0x00000005445ad7b0,0x000000054e080000)
 Metaspace       used 76318K, capacity 79398K, committed 79616K, reserved 1118208K
  class space    used 9992K, capacity 10692K, committed 10752K, reserved 1048576K
}

